/*C15*/SET SCHEMA PUBLIC
ROLLBACK
ROLLBACK
ROLLBACK
ROLLBACK
ROLLBACK
/*C19*/SET SCHEMA PUBLIC
ROLLBACK
/*C12*/SET SCHEMA PUBLIC
DISCONNECT
/*C13*/SET SCHEMA PUBLIC
DISCONNECT
/*C14*/SET SCHEMA PUBLIC
DISCONNECT
/*C15*/DISCONNECT
/*C16*/SET SCHEMA PUBLIC
DISCONNECT
/*C17*/SET SCHEMA PUBLIC
DISCONNECT
/*C18*/SET SCHEMA PUBLIC
DISCONNECT
/*C19*/DISCONNECT
/*C20*/SET SCHEMA PUBLIC
DISCONNECT
/*C23*/SET SCHEMA PUBLIC
ROLLBACK
ROLLBACK
ROLLBACK
ROLLBACK
ROLLBACK
/*C24*/SET SCHEMA PUBLIC
DISCONNECT
/*C25*/SET SCHEMA PUBLIC
DISCONNECT
/*C26*/SET SCHEMA PUBLIC
DISCONNECT
/*C22*/SET SCHEMA PUBLIC
ROLLBACK
ROLLBACK
ROLLBACK
ROLLBACK
ROLLBACK
/*C31*/SET SCHEMA PUBLIC
ROLLBACK
ROLLBACK
ROLLBACK
ROLLBACK
ROLLBACK
/*C22*/ROLLBACK
ROLLBACK
ROLLBACK
ROLLBACK
ROLLBACK
/*C29*/SET SCHEMA PUBLIC
ROLLBACK
ROLLBACK
ROLLBACK
ROLLBACK
ROLLBACK
/*C23*/ROLLBACK
ROLLBACK
ROLLBACK
ROLLBACK
ROLLBACK
/*C29*/ROLLBACK
ROLLBACK
ROLLBACK
ROLLBACK
ROLLBACK
/*C23*/ROLLBACK
ROLLBACK
ROLLBACK
ROLLBACK
ROLLBACK
/*C29*/ROLLBACK
ROLLBACK
ROLLBACK
ROLLBACK
ROLLBACK
/*C23*/ROLLBACK
ROLLBACK
ROLLBACK
ROLLBACK
ROLLBACK
/*C29*/ROLLBACK
ROLLBACK
ROLLBACK
ROLLBACK
ROLLBACK
/*C23*/ROLLBACK
ROLLBACK
ROLLBACK
ROLLBACK
ROLLBACK
/*C29*/ROLLBACK
ROLLBACK
ROLLBACK
ROLLBACK
ROLLBACK
ROLLBACK
ROLLBACK
ROLLBACK
ROLLBACK
ROLLBACK
/*C23*/ROLLBACK
ROLLBACK
ROLLBACK
ROLLBACK
ROLLBACK
/*C29*/ROLLBACK
ROLLBACK
ROLLBACK
ROLLBACK
ROLLBACK
/*C23*/ROLLBACK
ROLLBACK
ROLLBACK
ROLLBACK
ROLLBACK
/*C27*/SET SCHEMA PUBLIC
DELETE FROM SEQUENCE WHERE SEQ_NAME='SEQ_GEN'
INSERT INTO SEQUENCE VALUES('SEQ_GEN',100)
INSERT INTO USUARIO VALUES(51,'Sergio',1)
COMMIT
/*C21*/SET SCHEMA PUBLIC
ROLLBACK
ROLLBACK
ROLLBACK
ROLLBACK
ROLLBACK
/*C28*/SET SCHEMA PUBLIC
DISCONNECT
/*C27*/DISCONNECT
/*C30*/SET SCHEMA PUBLIC
DISCONNECT
/*C29*/DISCONNECT
/*C31*/DISCONNECT
/*C21*/DISCONNECT
/*C22*/DISCONNECT
/*C23*/DISCONNECT
/*C35*/SET SCHEMA PUBLIC
ROLLBACK
ROLLBACK
ROLLBACK
ROLLBACK
ROLLBACK
/*C39*/SET SCHEMA PUBLIC
ROLLBACK
ROLLBACK
ROLLBACK
ROLLBACK
ROLLBACK
/*C32*/SET SCHEMA PUBLIC
DISCONNECT
/*C34*/SET SCHEMA PUBLIC
DISCONNECT
/*C33*/SET SCHEMA PUBLIC
DISCONNECT
/*C36*/SET SCHEMA PUBLIC
DISCONNECT
/*C35*/DISCONNECT
/*C38*/SET SCHEMA PUBLIC
DISCONNECT
/*C37*/SET SCHEMA PUBLIC
DISCONNECT
/*C39*/DISCONNECT
/*C43*/SET SCHEMA PUBLIC
ROLLBACK
ROLLBACK
ROLLBACK
ROLLBACK
ROLLBACK
/*C47*/SET SCHEMA PUBLIC
ROLLBACK
ROLLBACK
ROLLBACK
ROLLBACK
ROLLBACK
/*C43*/ROLLBACK
ROLLBACK
ROLLBACK
ROLLBACK
ROLLBACK
/*C45*/SET SCHEMA PUBLIC
DISCONNECT
/*C46*/SET SCHEMA PUBLIC
DISCONNECT
/*C43*/DISCONNECT
/*C44*/SET SCHEMA PUBLIC
DISCONNECT
/*C47*/DISCONNECT
/*C40*/SET SCHEMA PUBLIC
DISCONNECT
/*C42*/SET SCHEMA PUBLIC
DISCONNECT
/*C41*/SET SCHEMA PUBLIC
DISCONNECT
/*C51*/SET SCHEMA PUBLIC
ROLLBACK
ROLLBACK
ROLLBACK
ROLLBACK
ROLLBACK
/*C55*/SET SCHEMA PUBLIC
ROLLBACK
ROLLBACK
ROLLBACK
ROLLBACK
ROLLBACK
/*C53*/SET SCHEMA PUBLIC
ROLLBACK
ROLLBACK
ROLLBACK
ROLLBACK
ROLLBACK
/*C55*/ROLLBACK
ROLLBACK
ROLLBACK
ROLLBACK
ROLLBACK
/*C53*/ROLLBACK
ROLLBACK
ROLLBACK
ROLLBACK
ROLLBACK
ROLLBACK
ROLLBACK
ROLLBACK
ROLLBACK
ROLLBACK
/*C52*/SET SCHEMA PUBLIC
DISCONNECT
/*C55*/DISCONNECT
/*C51*/ROLLBACK
ROLLBACK
ROLLBACK
ROLLBACK
ROLLBACK
/*C48*/SET SCHEMA PUBLIC
DISCONNECT
/*C49*/SET SCHEMA PUBLIC
DISCONNECT
/*C50*/SET SCHEMA PUBLIC
DISCONNECT
/*C51*/DISCONNECT
/*C53*/DISCONNECT
/*C54*/SET SCHEMA PUBLIC
DISCONNECT
/*C56*/SET SCHEMA PUBLIC
DISCONNECT
/*C57*/SET SCHEMA PUBLIC
DISCONNECT
/*C61*/SET SCHEMA PUBLIC
ROLLBACK
ROLLBACK
ROLLBACK
ROLLBACK
ROLLBACK
ROLLBACK
ROLLBACK
ROLLBACK
ROLLBACK
ROLLBACK
/*C65*/SET SCHEMA PUBLIC
ROLLBACK
ROLLBACK
ROLLBACK
ROLLBACK
ROLLBACK
/*C61*/ROLLBACK
ROLLBACK
ROLLBACK
ROLLBACK
ROLLBACK
/*C58*/SET SCHEMA PUBLIC
DISCONNECT
/*C59*/SET SCHEMA PUBLIC
DISCONNECT
/*C60*/SET SCHEMA PUBLIC
DISCONNECT
/*C61*/DISCONNECT
/*C62*/SET SCHEMA PUBLIC
DISCONNECT
/*C63*/SET SCHEMA PUBLIC
DISCONNECT
/*C64*/SET SCHEMA PUBLIC
DISCONNECT
/*C65*/DISCONNECT
/*C69*/SET SCHEMA PUBLIC
ROLLBACK
ROLLBACK
ROLLBACK
ROLLBACK
ROLLBACK
/*C67*/SET SCHEMA PUBLIC
ROLLBACK
ROLLBACK
ROLLBACK
ROLLBACK
ROLLBACK
/*C66*/SET SCHEMA PUBLIC
DISCONNECT
/*C67*/DISCONNECT
/*C68*/SET SCHEMA PUBLIC
DISCONNECT
/*C69*/DISCONNECT
/*C70*/SET SCHEMA PUBLIC
DISCONNECT
/*C71*/SET SCHEMA PUBLIC
DISCONNECT
/*C72*/SET SCHEMA PUBLIC
DISCONNECT
/*C73*/SET SCHEMA PUBLIC
DISCONNECT
